<?xml version="1.0" encoding="UTF-8"?>
<!-- Generated by org.testng.reporters.JUnitXMLReporter -->
<testsuite ignored="0" hostname="LAPTOP-DAPHEM15" failures="0" tests="3" name="Default test" time="29.502" errors="0" timestamp="2020-11-10T03:04:50 IST">
  <testcase classname="happyFox_TestCases.Test_Scenario_3" name="a_login" time="6.024"/>
  <testcase classname="happyFox_TestCases.Test_Scenario_3" name="b_deleteStatus" time="16.398"/>
  <testcase classname="happyFox_TestCases.Test_Scenario_3" name="c_logout" time="0.132"/>
</testsuite> <!-- Default test -->
