<?xml version="1.0" encoding="UTF-8"?>
<!-- Generated by org.testng.reporters.JUnitXMLReporter -->
<testsuite ignored="0" hostname="LAPTOP-DAPHEM15" failures="0" tests="5" name="happyfox Test1" time="56.904" errors="0" timestamp="2020-11-10T03:17:01 IST">
  <testcase classname="happyFox_TestCases.Test_Scenario_1" name="a_login" time="4.055"/>
  <testcase classname="happyFox_TestCases.Test_Scenario_1" name="b_creatingStatus" time="16.44"/>
  <testcase classname="happyFox_TestCases.Test_Scenario_3" name="a_login" time="4.038"/>
  <testcase classname="happyFox_TestCases.Test_Scenario_3" name="b_deleteStatus" time="18.606"/>
  <testcase classname="happyFox_TestCases.Test_Scenario_3" name="c_logout" time="0.158"/>
</testsuite> <!-- happyfox Test1 -->
