<?xml version="1.0" encoding="UTF-8"?>
<!-- Generated by org.testng.reporters.JUnitXMLReporter -->
<testsuite ignored="0" hostname="LAPTOP-DAPHEM15" failures="0" tests="3" name="Nykaa Test" time="59.592" errors="0" timestamp="2020-11-08T03:41:14 IST">
  <testcase classname="happyFox_TestCases.Test_Scenario_2" name="a_Scenario_2" time="21.427"/>
  <testcase classname="happyFox_TestCases.Test_Scenario_2" name="b_Scenario_2_1" time="11.063"/>
  <testcase classname="happyFox_TestCases.Test_Scenario_2" name="c_Scenario_2_2" time="18.634"/>
</testsuite> <!-- Nykaa Test -->
